2017-06-06 17:00:54 INFO  CommonBase:19 - Getting Values of email and password
2017-06-06 17:01:04 INFO  CommonBase:26 - Adopter Successfully Log In in to their account
2017-06-06 17:18:10 INFO  CommonBase:19 - Getting Values of email and password
2017-06-06 17:18:20 INFO  CommonBase:25 - Adopter Successfully Log In in to their account
2017-06-06 19:00:47 INFO  CommonBase:19 - Getting Values of email and password
2017-06-06 19:00:57 INFO  CommonBase:25 - Adopter Successfully Log In in to their account
2017-06-06 19:01:05 INFO  CommonBase:426 - Inside the Mouse Over Method
2017-06-06 19:01:20 INFO  CommonBase:25 - Updateing profile details
2017-06-06 19:01:24 INFO  CommonBase:28 - Profile details has been updated successfully
2017-06-06 19:18:22 INFO  CommonBase:19 - Getting Values of email and password
2017-06-06 19:18:33 INFO  CommonBase:25 - Adopter Successfully Log In in to their account
2017-06-06 19:18:42 INFO  CommonBase:426 - Inside the Mouse Over Method
2017-06-06 19:18:55 INFO  CommonBase:28 - Updateing profile details
2017-06-06 19:19:00 INFO  CommonBase:42 - Profile details has been updated successfully
2017-06-06 19:21:45 INFO  CommonBase:19 - Getting Values of email and password
2017-06-06 19:21:55 INFO  CommonBase:25 - Adopter Successfully Log In in to their account
2017-06-06 19:22:02 INFO  CommonBase:426 - Inside the Mouse Over Method
2017-06-06 19:23:28 INFO  CommonBase:19 - Getting Values of email and password
2017-06-06 19:23:38 INFO  CommonBase:25 - Adopter Successfully Log In in to their account
2017-06-06 19:23:45 INFO  CommonBase:426 - Inside the Mouse Over Method
2017-06-06 19:24:00 INFO  CommonBase:28 - Updateing profile details
2017-06-06 19:24:04 INFO  CommonBase:42 - Profile details has been updated successfully
